This file contains any messages produced by compilers while
running configure, to aid debugging if configure makes a mistake.

It was created by alsa-lib configure 1.2.10, which was
generated by GNU Autoconf 2.69.  Invocation command line was

  $ ./configure --prefix=/mnt/c/Users/nex/Desktop/work/cIMS/media/cims/ext/alsa-lib-build --disable-shared --enable-static

## --------- ##
## Platform. ##
## --------- ##

hostname = DESKTOP-LSA8BFN
uname -m = x86_64
uname -r = 6.6.87.2-microsoft-standard-WSL2
uname -s = Linux
uname -v = #1 SMP PREEMPT_DYNAMIC Thu Jun  5 18:30:46 UTC 2025

/usr/bin/uname -p = x86_64
/bin/uname -X     = unknown

/bin/arch              = x86_64
/usr/bin/arch -k       = unknown
/usr/convex/getsysinfo = unknown
/usr/bin/hostinfo      = unknown
/bin/machine           = unknown
/usr/bin/oslevel       = unknown
/bin/universe          = unknown

PATH: /usr/local/sbin
PATH: /usr/local/bin
PATH: /usr/sbin
PATH: /usr/bin
PATH: /sbin
PATH: /bin
PATH: /usr/games
PATH: /usr/local/games
PATH: /usr/lib/wsl/lib
PATH: /mnt/c/Program Files/PowerShell/7
PATH: /mnt/c/Program Files/Microsoft/jdk-11.0.18.10-hotspot/bin
PATH: /mnt/c/Program Files/OpenJDK/jre-8.0.362.09-hotspot/bin
PATH: /mnt/c/Program Files/OpenJDK/jdk-8.0.362.09-hotspot/bin
PATH: /mnt/c/Program Files (x86)/Common Files/Oracle/Java/javapath
PATH: /mnt/c/WINDOWS/system32
PATH: /mnt/c/WINDOWS
PATH: /mnt/c/WINDOWS/System32/Wbem
PATH: /mnt/c/WINDOWS/System32/WindowsPowerShell/v1.0/
PATH: /mnt/c/WINDOWS/System32/OpenSSH/
PATH: /mnt/c/Program Files/Git/cmd
PATH: /mnt/c/ProgramData/chocolatey/bin
PATH: /mnt/c/Program Files/Java/jdk1.8.0_211/bin
PATH: /mnt/c/Program Files (x86)/Yarn/bin/
PATH: /mnt/c/WINDOWS/system32
PATH: /mnt/c/WINDOWS
PATH: /mnt/c/WINDOWS/System32/Wbem
PATH: /mnt/c/WINDOWS/System32/WindowsPowerShell/v1.0/
PATH: /mnt/c/WINDOWS/System32/OpenSSH/
PATH: /mnt/c/Program Files/nodejs/
PATH: /mnt/c/Program Files/dotnet/
PATH: /mnt/c/Program Files (x86)/Vagrant/bin
PATH: /mnt/c/Users/nex/AppData/Local/Muse Hub/lib
PATH: /mnt/c/Program Files/PowerShell/7/
PATH: /mnt/c/Users/nex/AppData/Local/Microsoft/WindowsApps
PATH: /mnt/c/Users/nex/AppData/Local/Programs/Microsoft VS Code/bin
PATH: /mnt/c/Program Files/Microsoft/jdk-11.0.18.10-hotspot/bin
PATH: /mnt/c/Users/nex/AppData/Local/Yarn/bin
PATH: /mnt/c/Users/nex/AppData/Roaming/npm
PATH: /mnt/c/Users/nex/AppData/Local/Muse Hub/lib
PATH: /mnt/c/Users/nex/AppData/Local/GitHubDesktop/bin
PATH: /mnt/c/Users/nex/AppData/Local/Programs/Antigravity/bin
PATH: /mnt/c/Users/nex/.antigravity/extensions/ms-python.debugpy-2025.14.1-win32-x64/bundled/scripts/noConfigScripts
PATH: /mnt/c/Users/nex/.antigravity/extensions/vscjava.vscode-java-debug-0.58.3-universal/bundled/scripts/noConfigScripts


## ----------- ##
## Core tests. ##
## ----------- ##

configure:2505: checking build system type
configure:2519: result: x86_64-pc-linux-gnu
configure:2539: checking host system type
configure:2552: result: x86_64-pc-linux-gnu
configure:2588: checking for a BSD-compatible install
configure:2656: result: /usr/bin/install -c
configure:2667: checking whether build environment is sane
configure:2722: result: yes
configure:2873: checking for a thread-safe mkdir -p
configure:2912: result: /usr/bin/mkdir -p
configure:2919: checking for gawk
configure:2935: found /usr/bin/gawk
configure:2946: result: gawk
configure:2957: checking whether make sets $(MAKE)
configure:2979: result: yes
configure:3008: checking whether make supports nested variables
configure:3025: result: yes
configure:3162: checking whether to enable maintainer-specific portions of Makefiles
configure:3171: result: yes
configure:3197: checking whether make supports nested variables
configure:3214: result: yes
configure:3277: checking for gcc
configure:3293: found /usr/bin/gcc
configure:3304: result: gcc
configure:3533: checking for C compiler version
configure:3542: gcc --version >&5
gcc (Ubuntu 13.3.0-6ubuntu2~24.04) 13.3.0
Copyright (C) 2023 Free Software Foundation, Inc.
This is free software; see the source for copying conditions.  There is NO
warranty; not even for MERCHANTABILITY or FITNESS FOR A PARTICULAR PURPOSE.

configure:3553: $? = 0
configure:3542: gcc -v >&5
Using built-in specs.
COLLECT_GCC=gcc
COLLECT_LTO_WRAPPER=/usr/libexec/gcc/x86_64-linux-gnu/13/lto-wrapper
OFFLOAD_TARGET_NAMES=nvptx-none:amdgcn-amdhsa
OFFLOAD_TARGET_DEFAULT=1
Target: x86_64-linux-gnu
Configured with: ../src/configure -v --with-pkgversion='Ubuntu 13.3.0-6ubuntu2~24.04' --with-bugurl=file:///usr/share/doc/gcc-13/README.Bugs --enable-languages=c,ada,c++,go,d,fortran,objc,obj-c++,m2 --prefix=/usr --with-gcc-major-version-only --program-suffix=-13 --program-prefix=x86_64-linux-gnu- --enable-shared --enable-linker-build-id --libexecdir=/usr/libexec --without-included-gettext --enable-threads=posix --libdir=/usr/lib --enable-nls --enable-bootstrap --enable-clocale=gnu --enable-libstdcxx-debug --enable-libstdcxx-time=yes --with-default-libstdcxx-abi=new --enable-libstdcxx-backtrace --enable-gnu-unique-object --disable-vtable-verify --enable-plugin --enable-default-pie --with-system-zlib --enable-libphobos-checking=release --with-target-system-zlib=auto --enable-objc-gc=auto --enable-multiarch --disable-werror --enable-cet --with-arch-32=i686 --with-abi=m64 --with-multilib-list=m32,m64,mx32 --enable-multilib --with-tune=generic --enable-offload-targets=nvptx-none=/build/gcc-13-fG75Ri/gcc-13-13.3.0/debian/tmp-nvptx/usr,amdgcn-amdhsa=/build/gcc-13-fG75Ri/gcc-13-13.3.0/debian/tmp-gcn/usr --enable-offload-defaulted --without-cuda-driver --enable-checking=release --build=x86_64-linux-gnu --host=x86_64-linux-gnu --target=x86_64-linux-gnu --with-build-config=bootstrap-lto-lean --enable-link-serialization=2
Thread model: posix
Supported LTO compression algorithms: zlib zstd
gcc version 13.3.0 (Ubuntu 13.3.0-6ubuntu2~24.04) 
... rest of stderr output deleted ...
configure:3553: $? = 0
configure:3542: gcc -V >&5
gcc: error: unrecognized command-line option '-V'
gcc: fatal error: no input files
compilation terminated.
configure:3553: $? = 1
configure:3542: gcc -qversion >&5
gcc: error: unrecognized command-line option '-qversion'; did you mean '--version'?
gcc: fatal error: no input files
compilation terminated.
configure:3553: $? = 1
configure:3573: checking whether the C compiler works
configure:3595: gcc    conftest.c  >&5
configure:3599: $? = 0
configure:3647: result: yes
configure:3650: checking for C compiler default output file name
configure:3652: result: a.out
configure:3658: checking for suffix of executables
configure:3665: gcc -o conftest    conftest.c  >&5
configure:3669: $? = 0
configure:3691: result: 
configure:3713: checking whether we are cross compiling
configure:3721: gcc -o conftest    conftest.c  >&5
configure:3725: $? = 0
configure:3732: ./conftest
configure:3736: $? = 0
configure:3751: result: no
configure:3756: checking for suffix of object files
configure:3778: gcc -c   conftest.c >&5
configure:3782: $? = 0
configure:3803: result: o
configure:3807: checking whether we are using the GNU C compiler
configure:3826: gcc -c   conftest.c >&5
configure:3826: $? = 0
configure:3835: result: yes
configure:3844: checking whether gcc accepts -g
configure:3864: gcc -c -g  conftest.c >&5
configure:3864: $? = 0
configure:3905: result: yes
configure:3922: checking for gcc option to accept ISO C89
configure:3985: gcc  -c -g -O2  conftest.c >&5
configure:3985: $? = 0
configure:3998: result: none needed
configure:4023: checking whether gcc understands -c and -o together
configure:4045: gcc -c conftest.c -o conftest2.o
configure:4048: $? = 0
configure:4045: gcc -c conftest.c -o conftest2.o
configure:4048: $? = 0
configure:4060: result: yes
configure:4080: checking whether make supports the include directive
configure:4095: make -f confmf.GNU && cat confinc.out
this is the am__doit target
configure:4098: $? = 0
configure:4117: result: yes (GNU style)
configure:4142: checking dependency style of gcc
configure:4253: result: gcc3
configure:4273: checking how to run the C preprocessor
configure:4304: gcc -E  conftest.c
configure:4304: $? = 0
configure:4318: gcc -E  conftest.c
conftest.c:11:10: fatal error: ac_nonexistent.h: No such file or directory
   11 | #include <ac_nonexistent.h>
      |          ^~~~~~~~~~~~~~~~~~
compilation terminated.
configure:4318: $? = 1
configure: failed program was:
| /* confdefs.h */
| #define PACKAGE_NAME "alsa-lib"
| #define PACKAGE_TARNAME "alsa-lib"
| #define PACKAGE_VERSION "1.2.10"
| #define PACKAGE_STRING "alsa-lib 1.2.10"
| #define PACKAGE_BUGREPORT ""
| #define PACKAGE_URL ""
| #define PACKAGE "alsa-lib"
| #define VERSION "1.2.10"
| /* end confdefs.h.  */
| #include <ac_nonexistent.h>
configure:4343: result: gcc -E
configure:4363: gcc -E  conftest.c
configure:4363: $? = 0
configure:4377: gcc -E  conftest.c
conftest.c:11:10: fatal error: ac_nonexistent.h: No such file or directory
   11 | #include <ac_nonexistent.h>
      |          ^~~~~~~~~~~~~~~~~~
compilation terminated.
configure:4377: $? = 1
configure: failed program was:
| /* confdefs.h */
| #define PACKAGE_NAME "alsa-lib"
| #define PACKAGE_TARNAME "alsa-lib"
| #define PACKAGE_VERSION "1.2.10"
| #define PACKAGE_STRING "alsa-lib 1.2.10"
| #define PACKAGE_BUGREPORT ""
| #define PACKAGE_URL ""
| #define PACKAGE "alsa-lib"
| #define VERSION "1.2.10"
| /* end confdefs.h.  */
| #include <ac_nonexistent.h>
configure:4407: checking for grep that handles long lines and -e
configure:4465: result: /usr/bin/grep
configure:4470: checking for egrep
configure:4532: result: /usr/bin/grep -E
configure:4537: checking for ANSI C header files
configure:4557: gcc -c -g -O2  conftest.c >&5
configure:4557: $? = 0
configure:4630: gcc -o conftest -g -O2   conftest.c  >&5
configure:4630: $? = 0
configure:4630: ./conftest
configure:4630: $? = 0
configure:4641: result: yes
configure:4654: checking for sys/types.h
configure:4654: gcc -c -g -O2  conftest.c >&5
configure:4654: $? = 0
configure:4654: result: yes
configure:4654: checking for sys/stat.h
configure:4654: gcc -c -g -O2  conftest.c >&5
configure:4654: $? = 0
configure:4654: result: yes
configure:4654: checking for stdlib.h
configure:4654: gcc -c -g -O2  conftest.c >&5
configure:4654: $? = 0
configure:4654: result: yes
configure:4654: checking for string.h
configure:4654: gcc -c -g -O2  conftest.c >&5
configure:4654: $? = 0
configure:4654: result: yes
configure:4654: checking for memory.h
configure:4654: gcc -c -g -O2  conftest.c >&5
configure:4654: $? = 0
configure:4654: result: yes
configure:4654: checking for strings.h
configure:4654: gcc -c -g -O2  conftest.c >&5
configure:4654: $? = 0
configure:4654: result: yes
configure:4654: checking for inttypes.h
configure:4654: gcc -c -g -O2  conftest.c >&5
configure:4654: $? = 0
configure:4654: result: yes
configure:4654: checking for stdint.h
configure:4654: gcc -c -g -O2  conftest.c >&5
configure:4654: $? = 0
configure:4654: result: yes
configure:4654: checking for unistd.h
configure:4654: gcc -c -g -O2  conftest.c >&5
configure:4654: $? = 0
configure:4654: result: yes
configure:4667: checking minix/config.h usability
configure:4667: gcc -c -g -O2  conftest.c >&5
conftest.c:54:10: fatal error: minix/config.h: No such file or directory
   54 | #include <minix/config.h>
      |          ^~~~~~~~~~~~~~~~
compilation terminated.
configure:4667: $? = 1
configure: failed program was:
| /* confdefs.h */
| #define PACKAGE_NAME "alsa-lib"
| #define PACKAGE_TARNAME "alsa-lib"
| #define PACKAGE_VERSION "1.2.10"
| #define PACKAGE_STRING "alsa-lib 1.2.10"
| #define PACKAGE_BUGREPORT ""
| #define PACKAGE_URL ""
| #define PACKAGE "alsa-lib"
| #define VERSION "1.2.10"
| #define STDC_HEADERS 1
| #define HAVE_SYS_TYPES_H 1
| #define HAVE_SYS_STAT_H 1
| #define HAVE_STDLIB_H 1
| #define HAVE_STRING_H 1
| #define HAVE_MEMORY_H 1
| #define HAVE_STRINGS_H 1
| #define HAVE_INTTYPES_H 1
| #define HAVE_STDINT_H 1
| #define HAVE_UNISTD_H 1
| /* end confdefs.h.  */
| #include <stdio.h>
| #ifdef HAVE_SYS_TYPES_H
| # include <sys/types.h>
| #endif
| #ifdef HAVE_SYS_STAT_H
| # include <sys/stat.h>
| #endif
| #ifdef STDC_HEADERS
| # include <stdlib.h>
| # include <stddef.h>
| #else
| # ifdef HAVE_STDLIB_H
| #  include <stdlib.h>
| # endif
| #endif
| #ifdef HAVE_STRING_H
| # if !defined STDC_HEADERS && defined HAVE_MEMORY_H
| #  include <memory.h>
| # endif
| # include <string.h>
| #endif
| #ifdef HAVE_STRINGS_H
| # include <strings.h>
| #endif
| #ifdef HAVE_INTTYPES_H
| # include <inttypes.h>
| #endif
| #ifdef HAVE_STDINT_H
| # include <stdint.h>
| #endif
| #ifdef HAVE_UNISTD_H
| # include <unistd.h>
| #endif
| #include <minix/config.h>
configure:4667: result: no
configure:4667: checking minix/config.h presence
configure:4667: gcc -E  conftest.c
conftest.c:21:10: fatal error: minix/config.h: No such file or directory
   21 | #include <minix/config.h>
      |          ^~~~~~~~~~~~~~~~
compilation terminated.
configure:4667: $? = 1
configure: failed program was:
| /* confdefs.h */
| #define PACKAGE_NAME "alsa-lib"
| #define PACKAGE_TARNAME "alsa-lib"
| #define PACKAGE_VERSION "1.2.10"
| #define PACKAGE_STRING "alsa-lib 1.2.10"
| #define PACKAGE_BUGREPORT ""
| #define PACKAGE_URL ""
| #define PACKAGE "alsa-lib"
| #define VERSION "1.2.10"
| #define STDC_HEADERS 1
| #define HAVE_SYS_TYPES_H 1
| #define HAVE_SYS_STAT_H 1
| #define HAVE_STDLIB_H 1
| #define HAVE_STRING_H 1
| #define HAVE_MEMORY_H 1
| #define HAVE_STRINGS_H 1
| #define HAVE_INTTYPES_H 1
| #define HAVE_STDINT_H 1
| #define HAVE_UNISTD_H 1
| /* end confdefs.h.  */
| #include <minix/config.h>
configure:4667: result: no
configure:4667: checking for minix/config.h
configure:4667: result: no
configure:4688: checking whether it is safe to define __EXTENSIONS__
configure:4706: gcc -c -g -O2  conftest.c >&5
configure:4706: $? = 0
configure:4713: result: yes
configure:4728: checking whether ln -s works
configure:4732: result: yes
configure:4820: checking how to print strings
configure:4847: result: printf
configure:4868: checking for a sed that does not truncate output
configure:4932: result: /usr/bin/sed
configure:4950: checking for fgrep
configure:5012: result: /usr/bin/grep -F
configure:5047: checking for ld used by gcc
configure:5114: result: /usr/bin/ld
configure:5121: checking if the linker (/usr/bin/ld) is GNU ld
configure:5136: result: yes
configure:5148: checking for BSD- or MS-compatible name lister (nm)
configure:5202: result: /usr/bin/nm -B
configure:5332: checking the name lister (/usr/bin/nm -B) interface
configure:5339: gcc -c -g -O2  conftest.c >&5
configure:5342: /usr/bin/nm -B "conftest.o"
configure:5345: output
0000000000000000 B some_variable
configure:5352: result: BSD nm
configure:5356: checking the maximum length of command line arguments
configure:5487: result: 1572864
configure:5535: checking how to convert x86_64-pc-linux-gnu file names to x86_64-pc-linux-gnu format
configure:5575: result: func_convert_file_noop
configure:5582: checking how to convert x86_64-pc-linux-gnu file names to toolchain format
configure:5602: result: func_convert_file_noop
configure:5609: checking for /usr/bin/ld option to reload object files
configure:5616: result: -r
configure:5690: checking for objdump
configure:5706: found /usr/bin/objdump
configure:5717: result: objdump
configure:5749: checking how to recognize dependent libraries
configure:5949: result: pass_all
configure:6034: checking for dlltool
configure:6064: result: no
configure:6094: checking how to associate runtime and link libraries
configure:6121: result: printf %s\n
configure:6181: checking for ar
configure:6197: found /usr/bin/ar
configure:6208: result: ar
configure:6245: checking for archiver @FILE support
configure:6262: gcc -c -g -O2  conftest.c >&5
configure:6262: $? = 0
configure:6265: ar cru libconftest.a @conftest.lst >&5
ar: `u' modifier ignored since `D' is the default (see `U')
configure:6268: $? = 0
configure:6273: ar cru libconftest.a @conftest.lst >&5
ar: `u' modifier ignored since `D' is the default (see `U')
ar: conftest.o: No such file or directory
configure:6276: $? = 1
configure:6288: result: @
configure:6346: checking for strip
configure:6362: found /usr/bin/strip
configure:6373: result: strip
configure:6445: checking for ranlib
configure:6461: found /usr/bin/ranlib
configure:6472: result: ranlib
configure:6574: checking command to parse /usr/bin/nm -B output from gcc object
configure:6727: gcc -c -g -O2  conftest.c >&5
configure:6730: $? = 0
configure:6734: /usr/bin/nm -B conftest.o \| sed -n -e 's/^.*[ ]\([ABCDGIRSTW][ABCDGIRSTW]*\)[ ][ ]*\([_A-Za-z][_A-Za-z0-9]*\)$/\1 \2 \2/p' | sed '/ __gnu_lto/d' \> conftest.nm
configure:6737: $? = 0
configure:6803: gcc -o conftest -g -O2   conftest.c conftstm.o >&5
configure:6806: $? = 0
configure:6844: result: ok
configure:6891: checking for sysroot
configure:6921: result: no
configure:6928: checking for a working dd
configure:6966: result: /usr/bin/dd
configure:6970: checking how to truncate binary pipes
configure:6985: result: /usr/bin/dd bs=4096 count=1
configure:7121: gcc -c -g -O2  conftest.c >&5
configure:7124: $? = 0
configure:7314: checking for mt
configure:7344: result: no
configure:7364: checking if : is a manifest tool
configure:7370: : '-?'
configure:7378: result: no
configure:8052: checking for dlfcn.h
configure:8052: gcc -c -g -O2  conftest.c >&5
configure:8052: $? = 0
configure:8052: result: yes
configure:8276: checking for objdir
configure:8291: result: .libs
configure:8555: checking if gcc supports -fno-rtti -fno-exceptions
configure:8573: gcc -c -g -O2  -fno-rtti -fno-exceptions conftest.c >&5
cc1: warning: command-line option '-fno-rtti' is valid for C++/D/ObjC++ but not for C
configure:8577: $? = 0
configure:8590: result: no
configure:8948: checking for gcc option to produce PIC
configure:8955: result: -fPIC -DPIC
configure:8963: checking if gcc PIC flag -fPIC -DPIC works
configure:8981: gcc -c -g -O2  -fPIC -DPIC -DPIC conftest.c >&5
configure:8985: $? = 0
configure:8998: result: yes
configure:9027: checking if gcc static flag -static works
configure:9055: result: yes
configure:9070: checking if gcc supports -c -o file.o
configure:9091: gcc -c -g -O2  -o out/conftest2.o conftest.c >&5
configure:9095: $? = 0
configure:9117: result: yes
configure:9125: checking if gcc supports -c -o file.o
configure:9172: result: yes
configure:9205: checking whether the gcc linker (/usr/bin/ld -m elf_x86_64) supports shared libraries
configure:10464: result: yes
configure:10704: checking dynamic linker characteristics
configure:11285: gcc -o conftest -g -O2   -Wl,-rpath -Wl,/foo conftest.c  >&5
configure:11285: $? = 0
configure:11525: result: GNU/Linux ld.so
configure:11647: checking how to hardcode library paths into programs
configure:11672: result: immediate
configure:11774: checking for shl_load
configure:11774: gcc -o conftest -g -O2   conftest.c  >&5
/usr/bin/ld: /tmp/ccr7diyZ.o: in function `main':
/mnt/c/Users/nex/Desktop/work/cIMS/media/cims/ext/alsa-lib-1.2.10/conftest.c:62:(.text.startup+0xb): undefined reference to `shl_load'
collect2: error: ld returned 1 exit status
configure:11774: $? = 1
configure: failed program was:
| /* confdefs.h */
| #define PACKAGE_NAME "alsa-lib"
| #define PACKAGE_TARNAME "alsa-lib"
| #define PACKAGE_VERSION "1.2.10"
| #define PACKAGE_STRING "alsa-lib 1.2.10"
| #define PACKAGE_BUGREPORT ""
| #define PACKAGE_URL ""
| #define PACKAGE "alsa-lib"
| #define VERSION "1.2.10"
| #define STDC_HEADERS 1
| #define HAVE_SYS_TYPES_H 1
| #define HAVE_SYS_STAT_H 1
| #define HAVE_STDLIB_H 1
| #define HAVE_STRING_H 1
| #define HAVE_MEMORY_H 1
| #define HAVE_STRINGS_H 1
| #define HAVE_INTTYPES_H 1
| #define HAVE_STDINT_H 1
| #define HAVE_UNISTD_H 1
| #define __EXTENSIONS__ 1
| #define _ALL_SOURCE 1
| #define _GNU_SOURCE 1
| #define _POSIX_PTHREAD_SEMANTICS 1
| #define _TANDEM_SOURCE 1
| #define HAVE_DLFCN_H 1
| #define LT_OBJDIR ".libs/"
| /* end confdefs.h.  */
| /* Define shl_load to an innocuous variant, in case <limits.h> declares shl_load.
|    For example, HP-UX 11i <limits.h> declares gettimeofday.  */
| #define shl_load innocuous_shl_load
| 
| /* System header to define __stub macros and hopefully few prototypes,
|     which can conflict with char shl_load (); below.
|     Prefer <limits.h> to <assert.h> if __STDC__ is defined, since
|     <limits.h> exists even on freestanding compilers.  */
| 
| #ifdef __STDC__
| # include <limits.h>
| #else
| # include <assert.h>
| #endif
| 
| #undef shl_load
| 
| /* Override any GCC internal prototype to avoid an error.
|    Use char because int might match the return type of a GCC
|    builtin and then its argument prototype would still apply.  */
| #ifdef __cplusplus
| extern "C"
| #endif
| char shl_load ();
| /* The GNU C library defines this for functions which it implements
|     to always fail with ENOSYS.  Some functions are actually named
|     something starting with __ and the normal name is an alias.  */
| #if defined __stub_shl_load || defined __stub___shl_load
| choke me
| #endif
| 
| int
| main ()
| {
| return shl_load ();
|   ;
|   return 0;
| }
configure:11774: result: no
configure:11778: checking for shl_load in -ldld
configure:11803: gcc -o conftest -g -O2   conftest.c -ldld   >&5
/usr/bin/ld: cannot find -ldld: No such file or directory
collect2: error: ld returned 1 exit status
configure:11803: $? = 1
configure: failed program was:
| /* confdefs.h */
| #define PACKAGE_NAME "alsa-lib"
| #define PACKAGE_TARNAME "alsa-lib"
| #define PACKAGE_VERSION "1.2.10"
| #define PACKAGE_STRING "alsa-lib 1.2.10"
| #define PACKAGE_BUGREPORT ""
| #define PACKAGE_URL ""
| #define PACKAGE "alsa-lib"
| #define VERSION "1.2.10"
| #define STDC_HEADERS 1
| #define HAVE_SYS_TYPES_H 1
| #define HAVE_SYS_STAT_H 1
| #define HAVE_STDLIB_H 1
| #define HAVE_STRING_H 1
| #define HAVE_MEMORY_H 1
| #define HAVE_STRINGS_H 1
| #define HAVE_INTTYPES_H 1
| #define HAVE_STDINT_H 1
| #define HAVE_UNISTD_H 1
| #define __EXTENSIONS__ 1
| #define _ALL_SOURCE 1
| #define _GNU_SOURCE 1
| #define _POSIX_PTHREAD_SEMANTICS 1
| #define _TANDEM_SOURCE 1
| #define HAVE_DLFCN_H 1
| #define LT_OBJDIR ".libs/"
| /* end confdefs.h.  */
| 
| /* Override any GCC internal prototype to avoid an error.
|    Use char because int might match the return type of a GCC
|    builtin and then its argument prototype would still apply.  */
| #ifdef __cplusplus
| extern "C"
| #endif
| char shl_load ();
| int
| main ()
| {
| return shl_load ();
|   ;
|   return 0;
| }
configure:11812: result: no
configure:11817: checking for dlopen
configure:11817: gcc -o conftest -g -O2   conftest.c  >&5
configure:11817: $? = 0
configure:11817: result: yes
configure:11974: checking whether a program can dlopen itself
configure:12054: gcc -o conftest -g -O2  -DHAVE_DLFCN_H  -Wl,--export-dynamic conftest.c   >&5
configure:12057: $? = 0
configure:12075: result: yes
configure:12080: checking whether a statically linked program can dlopen itself
configure:12160: gcc -o conftest -g -O2  -DHAVE_DLFCN_H  -Wl,--export-dynamic -static conftest.c   >&5
/usr/bin/ld: /tmp/ccFSgYku.o: in function `main':
/mnt/c/Users/nex/Desktop/work/cIMS/media/cims/ext/alsa-lib-1.2.10/conftest.c:12139:(.text.startup+0xd): warning: Using 'dlopen' in statically linked applications requires at runtime the shared libraries from the glibc version used for linking
configure:12163: $? = 0
conftest: undefined symbol: _fnord
configure:12181: result: no
configure:12220: checking whether stripping libraries is possible
configure:12225: result: yes
configure:12260: checking if libtool supports shared libraries
configure:12262: result: yes
configure:12265: checking whether to build shared libraries
configure:12290: result: no
configure:12293: checking whether to build static libraries
configure:12297: result: yes
configure:12347: checking if gcc supports -Wl,--no-undefined flag
configure:12358: gcc -o conftest -g -O2   -Wl,--no-undefined conftest.c  >&5
configure:12358: $? = 0
configure:12369: result: yes
configure:12347: checking if gcc supports -Wl,-z,defs flag
configure:12358: gcc -o conftest -g -O2   -Wl,-z,defs conftest.c  >&5
configure:12358: $? = 0
configure:12369: result: yes
configure:12384: checking for ANSI C header files
configure:12488: result: yes
configure:12499: checking for an ANSI C-conforming const
configure:12565: gcc -c -g -O2  conftest.c >&5
configure:12565: $? = 0
configure:12572: result: yes
configure:12580: checking for inline
configure:12596: gcc -c -g -O2  conftest.c >&5
configure:12596: $? = 0
configure:12604: result: inline
configure:12622: checking whether time.h and sys/time.h may both be included
configure:12642: gcc -c -g -O2  conftest.c >&5
configure:12642: $? = 0
configure:12649: result: yes
configure:12677: gcc -c -O0 -Werror  conftest.c >&5
configure:12677: $? = 0
configure:12696: checking whether gcc needs -traditional
configure:12730: result: no
configure:12739: checking for uselocale
configure:12739: gcc -o conftest -g -O2   conftest.c  >&5
configure:12739: $? = 0
configure:12739: result: yes
configure:12750: checking for eaccess
configure:12750: gcc -o conftest -g -O2   conftest.c  >&5
configure:12750: $? = 0
configure:12750: result: yes
configure:12767: checking for special C compiler options needed for large files
configure:12812: result: no
configure:12818: checking for _FILE_OFFSET_BITS value needed for large files
configure:12843: gcc -c -g -O2  conftest.c >&5
configure:12843: $? = 0
configure:12875: result: no
configure:12962: checking for library version
configure:12987: result: major 1 minor 2 subminor 10 extrastr  extraver 1000000
configure:13078: checking for versioned symbols
configure:13105: result: yes
configure:13124: checking for symbolic-functions
configure:13143: result: no
configure:13155: checking for custom symbol prefixes
configure:13168: result: 
configure:13171: checking for debug
configure:13182: result: yes
configure:13193: checking for debug assert
configure:13209: result: no
configure:13214: checking for tmpdir
configure:13224: result: /tmp
configure:13232: checking for softfloat
configure:13250: result: no
configure:13259: checking for LFS calls
configure:13272: gcc -o conftest -g -O2   conftest.c  >&5
configure:13272: $? = 0
configure:13280: result: yes
configure:13290: checking for libdl
configure:13302: checking for library containing dlsym
configure:13333: gcc -o conftest -g -O2   conftest.c  >&5
configure:13333: $? = 0
configure:13350: result: none required
configure:13376: checking for pthread
configure:13387: checking for pthread_join in -lpthread
configure:13412: gcc -o conftest -g -O2   conftest.c -lpthread   >&5
configure:13412: $? = 0
configure:13421: result: yes
configure:13439: checking whether PTHREAD_MUTEX_RECURSIVE is declared
configure:13439: gcc -c -g -O2  conftest.c >&5
configure:13439: $? = 0
configure:13439: result: yes
configure:13449: checking for __thread
configure:13464: gcc -o conftest -g -O2   conftest.c  >&5
configure:13464: $? = 0
configure:13468: result: yes
configure:13477: checking for librt
configure:13488: checking for clock_gettime in -lrt
configure:13513: gcc -o conftest -g -O2   conftest.c -lrt   >&5
configure:13513: $? = 0
configure:13522: result: yes
configure:13544: checking for use of wordexp
configure:13570: result: no
configure:13577: checking endian.h usability
configure:13577: gcc -c -g -O2  conftest.c >&5
configure:13577: $? = 0
configure:13577: result: yes
configure:13577: checking endian.h presence
configure:13577: gcc -E  conftest.c
configure:13577: $? = 0
configure:13577: result: yes
configure:13577: checking for endian.h
configure:13577: result: yes
configure:13577: checking sys/endian.h usability
configure:13577: gcc -c -g -O2  conftest.c >&5
conftest.c:81:10: fatal error: sys/endian.h: No such file or directory
   81 | #include <sys/endian.h>
      |          ^~~~~~~~~~~~~~
compilation terminated.
configure:13577: $? = 1
configure: failed program was:
| /* confdefs.h */
| #define PACKAGE_NAME "alsa-lib"
| #define PACKAGE_TARNAME "alsa-lib"
| #define PACKAGE_VERSION "1.2.10"
| #define PACKAGE_STRING "alsa-lib 1.2.10"
| #define PACKAGE_BUGREPORT ""
| #define PACKAGE_URL ""
| #define PACKAGE "alsa-lib"
| #define VERSION "1.2.10"
| #define STDC_HEADERS 1
| #define HAVE_SYS_TYPES_H 1
| #define HAVE_SYS_STAT_H 1
| #define HAVE_STDLIB_H 1
| #define HAVE_STRING_H 1
| #define HAVE_MEMORY_H 1
| #define HAVE_STRINGS_H 1
| #define HAVE_INTTYPES_H 1
| #define HAVE_STDINT_H 1
| #define HAVE_UNISTD_H 1
| #define __EXTENSIONS__ 1
| #define _ALL_SOURCE 1
| #define _GNU_SOURCE 1
| #define _POSIX_PTHREAD_SEMANTICS 1
| #define _TANDEM_SOURCE 1
| #define HAVE_DLFCN_H 1
| #define LT_OBJDIR ".libs/"
| #define STDC_HEADERS 1
| #define TIME_WITH_SYS_TIME 1
| #define HAVE_ATTRIBUTE_SYMVER 1
| #define HAVE_USELOCALE 1
| #define HAVE_EACCESS 1
| #define VERSION "1.2.10"
| #define ALSA_CONFIG_DIR "/mnt/c/Users/nex/Desktop/work/cIMS/media/cims/ext/alsa-lib-build/share/alsa"
| #define ALSA_PLUGIN_DIR "/mnt/c/Users/nex/Desktop/work/cIMS/media/cims/ext/alsa-lib-build/lib/alsa-lib"
| #define ALSA_PKGCONF_DIR "/mnt/c/Users/nex/Desktop/work/cIMS/media/cims/ext/alsa-lib-build/lib/pkgconfig"
| #define VERSIONED_SYMBOLS /**/
| #define __SYMBOL_PREFIX ""
| #define TMPDIR "/tmp"
| #define HAVE_LFS 1
| #define HAVE_LIBDL 1
| #define HAVE_LIBPTHREAD 1
| #define HAVE_PTHREAD_MUTEX_RECURSIVE /**/
| #define HAVE___THREAD 1
| #define HAVE_LIBRT 1
| #define HAVE_CLOCK_GETTIME 1
| #define HAVE_ENDIAN_H 1
| /* end confdefs.h.  */
| #include <stdio.h>
| #ifdef HAVE_SYS_TYPES_H
| # include <sys/types.h>
| #endif
| #ifdef HAVE_SYS_STAT_H
| # include <sys/stat.h>
| #endif
| #ifdef STDC_HEADERS
| # include <stdlib.h>
| # include <stddef.h>
| #else
| # ifdef HAVE_STDLIB_H
| #  include <stdlib.h>
| # endif
| #endif
| #ifdef HAVE_STRING_H
| # if !defined STDC_HEADERS && defined HAVE_MEMORY_H
| #  include <memory.h>
| # endif
| # include <string.h>
| #endif
| #ifdef HAVE_STRINGS_H
| # include <strings.h>
| #endif
| #ifdef HAVE_INTTYPES_H
| # include <inttypes.h>
| #endif
| #ifdef HAVE_STDINT_H
| # include <stdint.h>
| #endif
| #ifdef HAVE_UNISTD_H
| # include <unistd.h>
| #endif
| #include <sys/endian.h>
configure:13577: result: no
configure:13577: checking sys/endian.h presence
configure:13577: gcc -E  conftest.c
conftest.c:48:10: fatal error: sys/endian.h: No such file or directory
   48 | #include <sys/endian.h>
      |          ^~~~~~~~~~~~~~
compilation terminated.
configure:13577: $? = 1
configure: failed program was:
| /* confdefs.h */
| #define PACKAGE_NAME "alsa-lib"
| #define PACKAGE_TARNAME "alsa-lib"
| #define PACKAGE_VERSION "1.2.10"
| #define PACKAGE_STRING "alsa-lib 1.2.10"
| #define PACKAGE_BUGREPORT ""
| #define PACKAGE_URL ""
| #define PACKAGE "alsa-lib"
| #define VERSION "1.2.10"
| #define STDC_HEADERS 1
| #define HAVE_SYS_TYPES_H 1
| #define HAVE_SYS_STAT_H 1
| #define HAVE_STDLIB_H 1
| #define HAVE_STRING_H 1
| #define HAVE_MEMORY_H 1
| #define HAVE_STRINGS_H 1
| #define HAVE_INTTYPES_H 1
| #define HAVE_STDINT_H 1
| #define HAVE_UNISTD_H 1
| #define __EXTENSIONS__ 1
| #define _ALL_SOURCE 1
| #define _GNU_SOURCE 1
| #define _POSIX_PTHREAD_SEMANTICS 1
| #define _TANDEM_SOURCE 1
| #define HAVE_DLFCN_H 1
| #define LT_OBJDIR ".libs/"
| #define STDC_HEADERS 1
| #define TIME_WITH_SYS_TIME 1
| #define HAVE_ATTRIBUTE_SYMVER 1
| #define HAVE_USELOCALE 1
| #define HAVE_EACCESS 1
| #define VERSION "1.2.10"
| #define ALSA_CONFIG_DIR "/mnt/c/Users/nex/Desktop/work/cIMS/media/cims/ext/alsa-lib-build/share/alsa"
| #define ALSA_PLUGIN_DIR "/mnt/c/Users/nex/Desktop/work/cIMS/media/cims/ext/alsa-lib-build/lib/alsa-lib"
| #define ALSA_PKGCONF_DIR "/mnt/c/Users/nex/Desktop/work/cIMS/media/cims/ext/alsa-lib-build/lib/pkgconfig"
| #define VERSIONED_SYMBOLS /**/
| #define __SYMBOL_PREFIX ""
| #define TMPDIR "/tmp"
| #define HAVE_LFS 1
| #define HAVE_LIBDL 1
| #define HAVE_LIBPTHREAD 1
| #define HAVE_PTHREAD_MUTEX_RECURSIVE /**/
| #define HAVE___THREAD 1
| #define HAVE_LIBRT 1
| #define HAVE_CLOCK_GETTIME 1
| #define HAVE_ENDIAN_H 1
| /* end confdefs.h.  */
| #include <sys/endian.h>
configure:13577: result: no
configure:13577: checking for sys/endian.h
configure:13577: result: no
configure:13577: checking sys/shm.h usability
configure:13577: gcc -c -g -O2  conftest.c >&5
configure:13577: $? = 0
configure:13577: result: yes
configure:13577: checking sys/shm.h presence
configure:13577: gcc -E  conftest.c
configure:13577: $? = 0
configure:13577: result: yes
configure:13577: checking for sys/shm.h
configure:13577: result: yes
configure:13577: checking malloc.h usability
configure:13577: gcc -c -g -O2  conftest.c >&5
configure:13577: $? = 0
configure:13577: result: yes
configure:13577: checking malloc.h presence
configure:13577: gcc -E  conftest.c
configure:13577: $? = 0
configure:13577: result: yes
configure:13577: checking for malloc.h
configure:13577: result: yes
configure:13588: checking for resmgr support
configure:13597: result: no
configure:13652: checking for aload* support
configure:13661: result: yes
configure:13669: checking for ALSA device file directory
configure:13687: result: /dev/snd/
configure:13690: checking for aload* device file directory
configure:13708: result: /dev/
configure:13995: checking whether GCC supports builtin atomic intrinsics
configure:14013: gcc -o conftest -g -O2   conftest.c  >&5
configure:14013: $? = 0
configure:14021: result: yes
configure:14036: gcc -o conftest -g -O2   conftest.c  >&5
configure:14036: $? = 0
configure:14359: checking for default lockless dmix
configure:14375: result: no
configure:14460: checking for max number of cards
configure:14470: result: 32
configure:14485: checking for thread-safe API functions
configure:14495: result: yes
configure:14615: checking that generated files are newer than configure
configure:14621: result: done
configure:14836: creating ./config.status

## ---------------------- ##
## Running config.status. ##
## ---------------------- ##

This file was extended by alsa-lib config.status 1.2.10, which was
generated by GNU Autoconf 2.69.  Invocation command line was

  CONFIG_FILES    = 
  CONFIG_HEADERS  = 
  CONFIG_LINKS    = 
  CONFIG_COMMANDS = 
  $ ./config.status 

on DESKTOP-LSA8BFN

config.status:1276: creating Makefile
config.status:1276: creating doc/Makefile
config.status:1276: creating doc/pictures/Makefile
config.status:1276: creating doc/doxygen.cfg
config.status:1276: creating include/Makefile
config.status:1276: creating include/sound/Makefile
config.status:1276: creating include/sound/uapi/Makefile
config.status:1276: creating src/Versions
config.status:1276: creating src/Makefile
config.status:1276: creating src/control/Makefile
config.status:1276: creating src/mixer/Makefile
config.status:1276: creating src/pcm/Makefile
config.status:1276: creating src/pcm/scopes/Makefile
config.status:1276: creating src/rawmidi/Makefile
config.status:1276: creating src/timer/Makefile
config.status:1276: creating src/hwdep/Makefile
config.status:1276: creating src/seq/Makefile
config.status:1276: creating src/ucm/Makefile
config.status:1276: creating src/alisp/Makefile
config.status:1276: creating src/topology/Makefile
config.status:1276: creating src/conf/Makefile
config.status:1276: creating src/conf/cards/Makefile
config.status:1276: creating src/conf/ctl/Makefile
config.status:1276: creating src/conf/pcm/Makefile
config.status:1276: creating modules/Makefile
config.status:1276: creating modules/mixer/Makefile
config.status:1276: creating modules/mixer/simple/Makefile
config.status:1276: creating alsalisp/Makefile
config.status:1276: creating aserver/Makefile
config.status:1276: creating test/Makefile
config.status:1276: creating test/lsb/Makefile
config.status:1276: creating utils/Makefile
config.status:1276: creating utils/alsa-lib.spec
config.status:1276: creating utils/alsa.pc
config.status:1276: creating utils/alsa-topology.pc
config.status:1276: creating include/config.h
config.status:1505: executing depfiles commands
config.status:1582: cd src       && sed -e '/# am--include-marker/d' Makefile         | make -f - am--depfiles
config.status:1587: $? = 0
config.status:1582: cd src/control       && sed -e '/# am--include-marker/d' Makefile         | make -f - am--depfiles
config.status:1587: $? = 0
config.status:1582: cd src/mixer       && sed -e '/# am--include-marker/d' Makefile         | make -f - am--depfiles
config.status:1587: $? = 0
config.status:1582: cd src/pcm       && sed -e '/# am--include-marker/d' Makefile         | make -f - am--depfiles
config.status:1587: $? = 0
config.status:1582: cd src/pcm/scopes       && sed -e '/# am--include-marker/d' Makefile         | make -f - am--depfiles
config.status:1587: $? = 0
config.status:1582: cd src/rawmidi       && sed -e '/# am--include-marker/d' Makefile         | make -f - am--depfiles
config.status:1587: $? = 0
config.status:1582: cd src/timer       && sed -e '/# am--include-marker/d' Makefile         | make -f - am--depfiles
config.status:1587: $? = 0
config.status:1582: cd src/hwdep       && sed -e '/# am--include-marker/d' Makefile         | make -f - am--depfiles
config.status:1587: $? = 0
config.status:1582: cd src/seq       && sed -e '/# am--include-marker/d' Makefile         | make -f - am--depfiles
config.status:1587: $? = 0
config.status:1582: cd src/ucm       && sed -e '/# am--include-marker/d' Makefile         | make -f - am--depfiles
config.status:1587: $? = 0
config.status:1582: cd src/alisp       && sed -e '/# am--include-marker/d' Makefile         | make -f - am--depfiles
config.status:1587: $? = 0
config.status:1582: cd src/topology       && sed -e '/# am--include-marker/d' Makefile         | make -f - am--depfiles
config.status:1587: $? = 0
config.status:1582: cd modules/mixer/simple       && sed -e '/# am--include-marker/d' Makefile         | make -f - am--depfiles
config.status:1587: $? = 0
config.status:1582: cd alsalisp       && sed -e '/# am--include-marker/d' Makefile         | make -f - am--depfiles
config.status:1587: $? = 0
config.status:1582: cd aserver       && sed -e '/# am--include-marker/d' Makefile         | make -f - am--depfiles
config.status:1587: $? = 0
config.status:1582: cd test       && sed -e '/# am--include-marker/d' Makefile         | make -f - am--depfiles
config.status:1587: $? = 0
config.status:1582: cd test/lsb       && sed -e '/# am--include-marker/d' Makefile         | make -f - am--depfiles
config.status:1587: $? = 0
config.status:1505: executing libtool commands

## ---------------- ##
## Cache variables. ##
## ---------------- ##

ac_cv_build=x86_64-pc-linux-gnu
ac_cv_c_compiler_gnu=yes
ac_cv_c_const=yes
ac_cv_c_inline=inline
ac_cv_env_CC_set=
ac_cv_env_CC_value=
ac_cv_env_CFLAGS_set=
ac_cv_env_CFLAGS_value=
ac_cv_env_CPPFLAGS_set=
ac_cv_env_CPPFLAGS_value=
ac_cv_env_CPP_set=
ac_cv_env_CPP_value=
ac_cv_env_LDFLAGS_set=
ac_cv_env_LDFLAGS_value=
ac_cv_env_LIBS_set=
ac_cv_env_LIBS_value=
ac_cv_env_LT_SYS_LIBRARY_PATH_set=
ac_cv_env_LT_SYS_LIBRARY_PATH_value=
ac_cv_env_build_alias_set=
ac_cv_env_build_alias_value=
ac_cv_env_host_alias_set=
ac_cv_env_host_alias_value=
ac_cv_env_target_alias_set=
ac_cv_env_target_alias_value=
ac_cv_func_dlopen=yes
ac_cv_func_eaccess=yes
ac_cv_func_shl_load=no
ac_cv_func_uselocale=yes
ac_cv_have_decl_PTHREAD_MUTEX_RECURSIVE=yes
ac_cv_header_dlfcn_h=yes
ac_cv_header_endian_h=yes
ac_cv_header_inttypes_h=yes
ac_cv_header_malloc_h=yes
ac_cv_header_memory_h=yes
ac_cv_header_minix_config_h=no
ac_cv_header_stdc=yes
ac_cv_header_stdint_h=yes
ac_cv_header_stdlib_h=yes
ac_cv_header_string_h=yes
ac_cv_header_strings_h=yes
ac_cv_header_sys_endian_h=no
ac_cv_header_sys_shm_h=yes
ac_cv_header_sys_stat_h=yes
ac_cv_header_sys_types_h=yes
ac_cv_header_time=yes
ac_cv_header_unistd_h=yes
ac_cv_host=x86_64-pc-linux-gnu
ac_cv_lib_dld_shl_load=no
ac_cv_lib_pthread_pthread_join=yes
ac_cv_lib_rt_clock_gettime=yes
ac_cv_objext=o
ac_cv_path_EGREP='/usr/bin/grep -E'
ac_cv_path_FGREP='/usr/bin/grep -F'
ac_cv_path_GREP=/usr/bin/grep
ac_cv_path_SED=/usr/bin/sed
ac_cv_path_install='/usr/bin/install -c'
ac_cv_path_lt_DD=/usr/bin/dd
ac_cv_path_mkdir=/usr/bin/mkdir
ac_cv_prog_AWK=gawk
ac_cv_prog_CPP='gcc -E'
ac_cv_prog_ac_ct_AR=ar
ac_cv_prog_ac_ct_CC=gcc
ac_cv_prog_ac_ct_OBJDUMP=objdump
ac_cv_prog_ac_ct_RANLIB=ranlib
ac_cv_prog_ac_ct_STRIP=strip
ac_cv_prog_cc_c89=
ac_cv_prog_cc_g=yes
ac_cv_prog_gcc_traditional=no
ac_cv_prog_make_make_set=yes
ac_cv_safe_to_define___extensions__=yes
ac_cv_search_dlsym='none required'
ac_cv_sys_file_offset_bits=no
ac_cv_sys_largefile_CC=no
am_cv_CC_dependencies_compiler_type=gcc3
am_cv_make_support_nested_variables=yes
am_cv_prog_cc_c_o=yes
cc_cv_ldflags__Wl___no_undefined=yes
cc_cv_ldflags__Wl__z_defs=yes
lt_cv_ar_at_file=@
lt_cv_deplibs_check_method=pass_all
lt_cv_dlopen=dlopen
lt_cv_dlopen_libs=
lt_cv_dlopen_self=yes
lt_cv_dlopen_self_static=no
lt_cv_file_magic_cmd='$MAGIC_CMD'
lt_cv_file_magic_test_file=
lt_cv_ld_reload_flag=-r
lt_cv_nm_interface='BSD nm'
lt_cv_objdir=.libs
lt_cv_path_LD=/usr/bin/ld
lt_cv_path_NM='/usr/bin/nm -B'
lt_cv_path_mainfest_tool=no
lt_cv_prog_compiler_c_o=yes
lt_cv_prog_compiler_pic='-fPIC -DPIC'
lt_cv_prog_compiler_pic_works=yes
lt_cv_prog_compiler_rtti_exceptions=no
lt_cv_prog_compiler_static_works=yes
lt_cv_prog_gnu_ld=yes
lt_cv_sharedlib_from_linklib_cmd='printf %s\n'
lt_cv_shlibpath_overrides_runpath=yes
lt_cv_sys_global_symbol_pipe='sed -n -e '\''s/^.*[	 ]\([ABCDGIRSTW][ABCDGIRSTW]*\)[	 ][	 ]*\([_A-Za-z][_A-Za-z0-9]*\)$/\1 \2 \2/p'\'' | sed '\''/ __gnu_lto/d'\'''
lt_cv_sys_global_symbol_to_c_name_address='sed -n -e '\''s/^: \(.*\) .*$/  {"\1", (void *) 0},/p'\'' -e '\''s/^[ABCDGIRSTW][ABCDGIRSTW]* .* \(.*\)$/  {"\1", (void *) \&\1},/p'\'''
lt_cv_sys_global_symbol_to_c_name_address_lib_prefix='sed -n -e '\''s/^: \(.*\) .*$/  {"\1", (void *) 0},/p'\'' -e '\''s/^[ABCDGIRSTW][ABCDGIRSTW]* .* \(lib.*\)$/  {"\1", (void *) \&\1},/p'\'' -e '\''s/^[ABCDGIRSTW][ABCDGIRSTW]* .* \(.*\)$/  {"lib\1", (void *) \&\1},/p'\'''
lt_cv_sys_global_symbol_to_cdecl='sed -n -e '\''s/^T .* \(.*\)$/extern int \1();/p'\'' -e '\''s/^[ABCDGIRSTW][ABCDGIRSTW]* .* \(.*\)$/extern char \1;/p'\'''
lt_cv_sys_global_symbol_to_import=
lt_cv_sys_max_cmd_len=1572864
lt_cv_to_host_file_cmd=func_convert_file_noop
lt_cv_to_tool_file_cmd=func_convert_file_noop
lt_cv_truncate_bin='/usr/bin/dd bs=4096 count=1'

## ----------------- ##
## Output variables. ##
## ----------------- ##

ACLOCAL='${SHELL} /mnt/c/Users/nex/Desktop/work/cIMS/media/cims/ext/alsa-lib-1.2.10/missing aclocal-1.16'
ALSA_CONFIG_DIR='/mnt/c/Users/nex/Desktop/work/cIMS/media/cims/ext/alsa-lib-build/share/alsa'
ALSA_DEPLIBS='-lm -lpthread -lrt'
ALSA_PKGCONF_DIR='/mnt/c/Users/nex/Desktop/work/cIMS/media/cims/ext/alsa-lib-build/lib/pkgconfig'
ALSA_PLUGIN_DIR='/mnt/c/Users/nex/Desktop/work/cIMS/media/cims/ext/alsa-lib-build/lib/alsa-lib'
AMDEPBACKSLASH='\'
AMDEP_FALSE='#'
AMDEP_TRUE=''
AMTAR='$${TAR-tar}'
AM_BACKSLASH='\'
AM_DEFAULT_V='$(AM_DEFAULT_VERBOSITY)'
AM_DEFAULT_VERBOSITY='0'
AM_V='$(V)'
AR='ar'
AUTOCONF='${SHELL} /mnt/c/Users/nex/Desktop/work/cIMS/media/cims/ext/alsa-lib-1.2.10/missing autoconf'
AUTOHEADER='${SHELL} /mnt/c/Users/nex/Desktop/work/cIMS/media/cims/ext/alsa-lib-1.2.10/missing autoheader'
AUTOMAKE='${SHELL} /mnt/c/Users/nex/Desktop/work/cIMS/media/cims/ext/alsa-lib-1.2.10/missing automake-1.16'
AWK='gawk'
BUILD_ALISP_FALSE=''
BUILD_ALISP_TRUE='#'
BUILD_CTL_PLUGIN_EXT_FALSE='#'
BUILD_CTL_PLUGIN_EXT_TRUE=''
BUILD_CTL_PLUGIN_FALSE='#'
BUILD_CTL_PLUGIN_REMAP_FALSE='#'
BUILD_CTL_PLUGIN_REMAP_TRUE=''
BUILD_CTL_PLUGIN_SHM_FALSE='#'
BUILD_CTL_PLUGIN_SHM_TRUE=''
BUILD_CTL_PLUGIN_TRUE=''
BUILD_HWDEP_FALSE='#'
BUILD_HWDEP_TRUE=''
BUILD_MIXER_FALSE='#'
BUILD_MIXER_MODULES_FALSE=''
BUILD_MIXER_MODULES_TRUE='#'
BUILD_MIXER_PYMODULES_FALSE=''
BUILD_MIXER_PYMODULES_TRUE='#'
BUILD_MIXER_TRUE=''
BUILD_MODULES_FALSE='#'
BUILD_MODULES_TRUE=''
BUILD_PCM_FALSE='#'
BUILD_PCM_PLUGIN_ADPCM_FALSE='#'
BUILD_PCM_PLUGIN_ADPCM_TRUE=''
BUILD_PCM_PLUGIN_ALAW_FALSE='#'
BUILD_PCM_PLUGIN_ALAW_TRUE=''
BUILD_PCM_PLUGIN_ASYM_FALSE='#'
BUILD_PCM_PLUGIN_ASYM_TRUE=''
BUILD_PCM_PLUGIN_COPY_FALSE='#'
BUILD_PCM_PLUGIN_COPY_TRUE=''
BUILD_PCM_PLUGIN_DMIX_FALSE='#'
BUILD_PCM_PLUGIN_DMIX_TRUE=''
BUILD_PCM_PLUGIN_DSHARE_FALSE='#'
BUILD_PCM_PLUGIN_DSHARE_TRUE=''
BUILD_PCM_PLUGIN_DSNOOP_FALSE='#'
BUILD_PCM_PLUGIN_DSNOOP_TRUE=''
BUILD_PCM_PLUGIN_EMPTY_FALSE='#'
BUILD_PCM_PLUGIN_EMPTY_TRUE=''
BUILD_PCM_PLUGIN_EXTPLUG_FALSE='#'
BUILD_PCM_PLUGIN_EXTPLUG_TRUE=''
BUILD_PCM_PLUGIN_FALSE='#'
BUILD_PCM_PLUGIN_FILE_FALSE='#'
BUILD_PCM_PLUGIN_FILE_TRUE=''
BUILD_PCM_PLUGIN_HOOKS_FALSE='#'
BUILD_PCM_PLUGIN_HOOKS_TRUE=''
BUILD_PCM_PLUGIN_IEC958_FALSE='#'
BUILD_PCM_PLUGIN_IEC958_TRUE=''
BUILD_PCM_PLUGIN_IOPLUG_FALSE='#'
BUILD_PCM_PLUGIN_IOPLUG_TRUE=''
BUILD_PCM_PLUGIN_LADSPA_FALSE='#'
BUILD_PCM_PLUGIN_LADSPA_TRUE=''
BUILD_PCM_PLUGIN_LFLOAT_FALSE='#'
BUILD_PCM_PLUGIN_LFLOAT_TRUE=''
BUILD_PCM_PLUGIN_LINEAR_FALSE='#'
BUILD_PCM_PLUGIN_LINEAR_TRUE=''
BUILD_PCM_PLUGIN_METER_FALSE='#'
BUILD_PCM_PLUGIN_METER_TRUE=''
BUILD_PCM_PLUGIN_MMAP_EMUL_FALSE='#'
BUILD_PCM_PLUGIN_MMAP_EMUL_TRUE=''
BUILD_PCM_PLUGIN_MULAW_FALSE='#'
BUILD_PCM_PLUGIN_MULAW_TRUE=''
BUILD_PCM_PLUGIN_MULTI_FALSE='#'
BUILD_PCM_PLUGIN_MULTI_TRUE=''
BUILD_PCM_PLUGIN_NULL_FALSE='#'
BUILD_PCM_PLUGIN_NULL_TRUE=''
BUILD_PCM_PLUGIN_PLUG_FALSE='#'
BUILD_PCM_PLUGIN_PLUG_TRUE=''
BUILD_PCM_PLUGIN_RATE_FALSE='#'
BUILD_PCM_PLUGIN_RATE_TRUE=''
BUILD_PCM_PLUGIN_ROUTE_FALSE='#'
BUILD_PCM_PLUGIN_ROUTE_TRUE=''
BUILD_PCM_PLUGIN_SHARE_FALSE='#'
BUILD_PCM_PLUGIN_SHARE_TRUE=''
BUILD_PCM_PLUGIN_SHM_FALSE='#'
BUILD_PCM_PLUGIN_SHM_TRUE=''
BUILD_PCM_PLUGIN_SOFTVOL_FALSE='#'
BUILD_PCM_PLUGIN_SOFTVOL_TRUE=''
BUILD_PCM_PLUGIN_TRUE=''
BUILD_PCM_TRUE=''
BUILD_RAWMIDI_FALSE='#'
BUILD_RAWMIDI_TRUE=''
BUILD_SEQ_FALSE='#'
BUILD_SEQ_TRUE=''
BUILD_TOPOLOGY_FALSE='#'
BUILD_TOPOLOGY_TRUE=''
BUILD_UCM_FALSE='#'
BUILD_UCM_TRUE=''
CC='gcc'
CCDEPMODE='depmode=gcc3'
CFLAGS='-g -O2'
CPP='gcc -E'
CPPFLAGS=''
CYGPATH_W='echo'
DEFS='-DHAVE_CONFIG_H'
DEPDIR='.deps'
DLLTOOL='false'
DSYMUTIL=''
DUMPBIN=''
ECHO_C=''
ECHO_N='-n'
ECHO_T=''
EGREP='/usr/bin/grep -E'
EXEEXT=''
FGREP='/usr/bin/grep -F'
GREP='/usr/bin/grep'
INSTALL_DATA='${INSTALL} -m 644'
INSTALL_M4_FALSE='#'
INSTALL_M4_TRUE=''
INSTALL_PROGRAM='${INSTALL}'
INSTALL_SCRIPT='${INSTALL}'
INSTALL_STRIP_PROGRAM='$(install_sh) -c -s'
KEEP_OLD_SYMBOLS_FALSE='#'
KEEP_OLD_SYMBOLS_TRUE=''
LD='/usr/bin/ld -m elf_x86_64'
LDFLAGS=''
LDFLAGS_NOUNDEFINED='-Wl,-z,defs'
LIBOBJS=''
LIBS=''
LIBTOOL='$(SHELL) $(top_builddir)/libtool'
LIBTOOL_VERSION_INFO='2:0:0'
LIPO=''
LN_S='ln -s'
LTLIBOBJS=''
LT_SYS_LIBRARY_PATH=''
MAINT=''
MAINTAINER_MODE_FALSE='#'
MAINTAINER_MODE_TRUE=''
MAKEINFO='${SHELL} /mnt/c/Users/nex/Desktop/work/cIMS/media/cims/ext/alsa-lib-1.2.10/missing makeinfo'
MANIFEST_TOOL=':'
MKDIR_P='/usr/bin/mkdir -p'
NM='/usr/bin/nm -B'
NMEDIT=''
OBJDUMP='objdump'
OBJEXT='o'
OTOOL64=''
OTOOL=''
PACKAGE='alsa-lib'
PACKAGE_BUGREPORT=''
PACKAGE_NAME='alsa-lib'
PACKAGE_STRING='alsa-lib 1.2.10'
PACKAGE_TARNAME='alsa-lib'
PACKAGE_URL=''
PACKAGE_VERSION='1.2.10'
PATH_SEPARATOR=':'
PYTHON_INCLUDES=''
PYTHON_LIBS=''
RANLIB='ranlib'
SED='/usr/bin/sed'
SET_MAKE=''
SHELL='/bin/bash'
SND_LIB_EXTRAVER='1000000'
SND_LIB_MAJOR='1'
SND_LIB_MINOR='2'
SND_LIB_SUBMINOR='10'
SND_LIB_VERSION='1.2.10'
STRIP='strip'
SYMBOLIC_FUNCTIONS_FALSE=''
SYMBOLIC_FUNCTIONS_TRUE='#'
SYMBOL_PREFIX=''
VERSION='1.2.10'
VERSIONED_SYMBOLS_FALSE='#'
VERSIONED_SYMBOLS_TRUE=''
ac_ct_AR='ar'
ac_ct_CC='gcc'
ac_ct_DUMPBIN=''
am__EXEEXT_FALSE=''
am__EXEEXT_TRUE='#'
am__fastdepCC_FALSE='#'
am__fastdepCC_TRUE=''
am__include='include'
am__isrc=''
am__leading_dot='.'
am__nodep='_no'
am__quote=''
am__tar='$${TAR-tar} chof - "$$tardir"'
am__untar='$${TAR-tar} xf -'
bindir='${exec_prefix}/bin'
build='x86_64-pc-linux-gnu'
build_alias=''
build_cpu='x86_64'
build_os='linux-gnu'
build_vendor='pc'
datadir='${datarootdir}'
datarootdir='${prefix}/share'
docdir='${datarootdir}/doc/${PACKAGE_TARNAME}'
dvidir='${docdir}'
exec_prefix='/mnt/c/Users/nex/Desktop/work/cIMS/media/cims/ext/alsa-lib-build'
host='x86_64-pc-linux-gnu'
host_alias=''
host_cpu='x86_64'
host_os='linux-gnu'
host_vendor='pc'
htmldir='${docdir}'
includedir='${prefix}/include'
infodir='${datarootdir}/info'
install_sh='${SHELL} /mnt/c/Users/nex/Desktop/work/cIMS/media/cims/ext/alsa-lib-1.2.10/install-sh'
libdir='${exec_prefix}/lib'
libexecdir='${exec_prefix}/libexec'
localedir='${datarootdir}/locale'
localstatedir='${prefix}/var'
mandir='${datarootdir}/man'
mkdir_p='$(MKDIR_P)'
oldincludedir='/usr/include'
pdfdir='${docdir}'
prefix='/mnt/c/Users/nex/Desktop/work/cIMS/media/cims/ext/alsa-lib-build'
program_transform_name='s,x,x,'
psdir='${docdir}'
runstatedir='${localstatedir}/run'
sbindir='${exec_prefix}/sbin'
sharedstatedir='${prefix}/com'
sysconfdir='${prefix}/etc'
target_alias=''

## ----------- ##
## confdefs.h. ##
## ----------- ##

/* confdefs.h */
#define PACKAGE_NAME "alsa-lib"
#define PACKAGE_TARNAME "alsa-lib"
#define PACKAGE_VERSION "1.2.10"
#define PACKAGE_STRING "alsa-lib 1.2.10"
#define PACKAGE_BUGREPORT ""
#define PACKAGE_URL ""
#define PACKAGE "alsa-lib"
#define VERSION "1.2.10"
#define STDC_HEADERS 1
#define HAVE_SYS_TYPES_H 1
#define HAVE_SYS_STAT_H 1
#define HAVE_STDLIB_H 1
#define HAVE_STRING_H 1
#define HAVE_MEMORY_H 1
#define HAVE_STRINGS_H 1
#define HAVE_INTTYPES_H 1
#define HAVE_STDINT_H 1
#define HAVE_UNISTD_H 1
#define __EXTENSIONS__ 1
#define _ALL_SOURCE 1
#define _GNU_SOURCE 1
#define _POSIX_PTHREAD_SEMANTICS 1
#define _TANDEM_SOURCE 1
#define HAVE_DLFCN_H 1
#define LT_OBJDIR ".libs/"
#define STDC_HEADERS 1
#define TIME_WITH_SYS_TIME 1
#define HAVE_ATTRIBUTE_SYMVER 1
#define HAVE_USELOCALE 1
#define HAVE_EACCESS 1
#define VERSION "1.2.10"
#define ALSA_CONFIG_DIR "/mnt/c/Users/nex/Desktop/work/cIMS/media/cims/ext/alsa-lib-build/share/alsa"
#define ALSA_PLUGIN_DIR "/mnt/c/Users/nex/Desktop/work/cIMS/media/cims/ext/alsa-lib-build/lib/alsa-lib"
#define ALSA_PKGCONF_DIR "/mnt/c/Users/nex/Desktop/work/cIMS/media/cims/ext/alsa-lib-build/lib/pkgconfig"
#define VERSIONED_SYMBOLS /**/
#define __SYMBOL_PREFIX ""
#define TMPDIR "/tmp"
#define HAVE_LFS 1
#define HAVE_LIBDL 1
#define HAVE_LIBPTHREAD 1
#define HAVE_PTHREAD_MUTEX_RECURSIVE /**/
#define HAVE___THREAD 1
#define HAVE_LIBRT 1
#define HAVE_CLOCK_GETTIME 1
#define HAVE_ENDIAN_H 1
#define HAVE_SYS_SHM_H 1
#define HAVE_MALLOC_H 1
#define SUPPORT_ALOAD "1"
#define ALSA_DEVICE_DIRECTORY "/dev/snd/"
#define ALOAD_DEVICE_DIRECTORY "/dev/"
#define BUILD_MIXER "1"
#define BUILD_PCM "1"
#define BUILD_RAWMIDI "1"
#define BUILD_HWDEP "1"
#define BUILD_SEQ "1"
#define BUILD_UCM "1"
#define BUILD_TOPOLOGY "1"
#define HAVE_MMX "1"
#define BUILD_PCM_PLUGIN_RATE "1"
#define BUILD_PCM_PLUGIN_ROUTE "1"
#define BUILD_PCM_PLUGIN_LFLOAT "1"
#define BUILD_PCM_PLUGIN_ADPCM "1"
#define BUILD_PCM_PLUGIN_MULAW "1"
#define BUILD_PCM_PLUGIN_ALAW "1"
#define BUILD_PCM_PLUGIN_MMAP_EMUL "1"
#define SND_MAX_CARDS 32
#define THREAD_SAFE_API "1"

configure: exit 0
